2019-06-19 20:51:07 INFO (MainThread) [homeassistant.setup] Setup of domain logger took 0.0 seconds.
2019-06-19 20:51:07 INFO (MainThread) [homeassistant.setup] Setting up http
2019-06-19 20:51:07 INFO (MainThread) [homeassistant.setup] Setup of domain http took 0.0 seconds.
2019-06-19 20:51:07 INFO (MainThread) [homeassistant.setup] Setting up system_log
2019-06-19 20:51:07 INFO (MainThread) [homeassistant.setup] Setup of domain system_log took 0.0 seconds.
2019-06-19 20:51:07 INFO (MainThread) [homeassistant.setup] Setting up recorder
2019-06-19 20:51:08 WARNING (Recorder) [homeassistant.components.recorder] Ended unfinished session (id=25 from 2019-06-19 20:46:23.726933)
2019-06-19 20:51:08 INFO (MainThread) [homeassistant.setup] Setup of domain recorder took 1.4 seconds.
2019-06-19 20:51:08 INFO (MainThread) [homeassistant.setup] Setting up person
2019-06-19 20:51:08 INFO (MainThread) [homeassistant.setup] Setting up group
2019-06-19 20:51:08 INFO (MainThread) [homeassistant.setup] Setup of domain group took 0.0 seconds.
2019-06-19 20:51:09 INFO (MainThread) [homeassistant.setup] Setting up cast
2019-06-19 20:51:09 INFO (MainThread) [homeassistant.setup] Setup of domain cast took 0.0 seconds.
2019-06-19 20:51:09 INFO (MainThread) [homeassistant.setup] Setting up discovery
2019-06-19 20:51:09 INFO (MainThread) [homeassistant.setup] Setup of domain discovery took 0.8 seconds.
2019-06-19 20:51:09 INFO (MainThread) [homeassistant.setup] Setting up zone
2019-06-19 20:51:09 INFO (MainThread) [homeassistant.setup] Setup of domain zone took 0.0 seconds.
2019-06-19 20:51:09 INFO (MainThread) [homeassistant.setup] Setting up lovelace
2019-06-19 20:51:09 INFO (MainThread) [homeassistant.setup] Setup of domain lovelace took 0.0 seconds.
2019-06-19 20:51:09 INFO (MainThread) [homeassistant.setup] Setting up sun
2019-06-19 20:51:10 INFO (MainThread) [homeassistant.setup] Setup of domain sun took 0.1 seconds.
2019-06-19 20:51:10 INFO (MainThread) [homeassistant.setup] Setting up updater
2019-06-19 20:51:10 INFO (MainThread) [homeassistant.setup] Setup of domain updater took 0.0 seconds.
2019-06-19 20:51:10 INFO (MainThread) [homeassistant.setup] Setting up python_script
2019-06-19 20:51:10 INFO (SyncWorker_3) [homeassistant.loader] Loaded yr from homeassistant.components.yr
2019-06-19 20:51:10 INFO (MainThread) [homeassistant.setup] Setting up script
2019-06-19 20:51:10 INFO (MainThread) [homeassistant.setup] Setup of domain script took 0.0 seconds.
2019-06-19 20:51:10 INFO (MainThread) [homeassistant.setup] Setting up history
2019-06-19 20:51:10 INFO (MainThread) [homeassistant.setup] Setup of domain history took 0.0 seconds.
2019-06-19 20:51:10 INFO (MainThread) [homeassistant.setup] Setting up api
2019-06-19 20:51:10 INFO (MainThread) [homeassistant.setup] Setting up system_health
2019-06-19 20:51:10 INFO (MainThread) [homeassistant.setup] Setup of domain system_health took 0.0 seconds.
2019-06-19 20:51:10 INFO (MainThread) [homeassistant.setup] Setting up auth
2019-06-19 20:51:10 INFO (MainThread) [homeassistant.setup] Setup of domain auth took 0.0 seconds.
2019-06-19 20:51:10 INFO (MainThread) [homeassistant.setup] Setting up websocket_api
2019-06-19 20:51:10 INFO (MainThread) [homeassistant.setup] Setup of domain websocket_api took 0.0 seconds.
2019-06-19 20:51:10 INFO (MainThread) [homeassistant.setup] Setting up device_tracker
2019-06-19 20:51:10 INFO (MainThread) [homeassistant.setup] Setting up conversation
2019-06-19 20:51:10 INFO (MainThread) [homeassistant.setup] Setup of domain conversation took 0.0 seconds.
2019-06-19 20:51:10 INFO (MainThread) [homeassistant.setup] Setting up media_player
2019-06-19 20:51:10 INFO (MainThread) [homeassistant.setup] Setup of domain media_player took 0.0 seconds.
2019-06-19 20:51:10 INFO (MainThread) [homeassistant.setup] Setting up config
2019-06-19 20:51:10 INFO (MainThread) [homeassistant.setup] Setting up webhook
2019-06-19 20:51:10 INFO (MainThread) [homeassistant.setup] Setup of domain webhook took 0.0 seconds.
2019-06-19 20:51:10 INFO (MainThread) [homeassistant.components.media_player] Setting up media_player.cast
2019-06-19 20:51:10 INFO (MainThread) [homeassistant.setup] Setup of domain api took 0.3 seconds.
2019-06-19 20:51:10 ERROR (MainThread) [homeassistant.components.device_tracker] Unable to load /config/known_devices.yaml: Config file not found: /config/known_devices.yaml
2019-06-19 20:51:10 INFO (SyncWorker_9) [homeassistant.loader] Loaded google_translate from homeassistant.components.google_translate
2019-06-19 20:51:10 INFO (MainThread) [homeassistant.setup] Setup of domain device_tracker took 0.2 seconds.
2019-06-19 20:51:10 INFO (MainThread) [homeassistant.setup] Setting up onboarding
2019-06-19 20:51:10 INFO (MainThread) [homeassistant.setup] Setting up media_extractor
2019-06-19 20:51:10 INFO (MainThread) [homeassistant.setup] Setup of domain config took 0.4 seconds.
2019-06-19 20:51:11 INFO (MainThread) [homeassistant.setup] Setting up cloud
2019-06-19 20:51:13 INFO (MainThread) [homeassistant.setup] Setting up automation
2019-06-19 20:51:13 INFO (SyncWorker_7) [homeassistant.loader] Loaded time_date from homeassistant.components.time_date
2019-06-19 20:51:13 INFO (MainThread) [homeassistant.setup] Setting up tts
2019-06-19 20:51:13 INFO (MainThread) [homeassistant.setup] Setting up zeroconf
2019-06-19 20:51:13 INFO (MainThread) [homeassistant.setup] Setting up mobile_app
2019-06-19 20:51:13 INFO (MainThread) [homeassistant.setup] Setting up sensor
2019-06-19 20:51:13 INFO (MainThread) [homeassistant.setup] Setup of domain media_extractor took 3.0 seconds.
2019-06-19 20:51:13 INFO (MainThread) [homeassistant.setup] Setup of domain python_script took 3.6 seconds.
2019-06-19 20:51:13 INFO (MainThread) [homeassistant.setup] Setup of domain onboarding took 3.1 seconds.
2019-06-19 20:51:13 INFO (MainThread) [homeassistant.components.sensor] Setting up sensor.time_date
2019-06-19 20:51:13 INFO (MainThread) [homeassistant.components.sensor] Setting up sensor.yr
2019-06-19 20:51:13 INFO (MainThread) [homeassistant.setup] Setup of domain cloud took 1.8 seconds.
2019-06-19 20:51:13 INFO (SyncWorker_15) [pychromecast] Querying device status
2019-06-19 20:51:13 INFO (SyncWorker_0) [pychromecast] Querying device status
2019-06-19 20:51:13 INFO (MainThread) [homeassistant.setup] Setup of domain mobile_app took 0.2 seconds.
2019-06-19 20:51:13 INFO (MainThread) [homeassistant.setup] Setting up frontend
2019-06-19 20:51:13 INFO (MainThread) [homeassistant.setup] Setup of domain tts took 0.4 seconds.
2019-06-19 20:51:13 INFO (MainThread) [homeassistant.setup] Setup of domain person took 4.9 seconds.
2019-06-19 20:51:13 INFO (MainThread) [homeassistant.setup] Setup of domain automation took 0.5 seconds.
2019-06-19 20:51:13 INFO (SyncWorker_8) [homeassistant.loader] Loaded notify from homeassistant.components.notify
2019-06-19 20:51:13 INFO (MainThread) [homeassistant.setup] Setup of domain frontend took 0.1 seconds.
2019-06-19 20:51:13 INFO (MainThread) [homeassistant.setup] Setting up notify
2019-06-19 20:51:13 INFO (MainThread) [homeassistant.setup] Setup of domain notify took 0.0 seconds.
2019-06-19 20:51:14 INFO (MainThread) [homeassistant.setup] Setting up logbook
2019-06-19 20:51:14 INFO (MainThread) [homeassistant.setup] Setup of domain logbook took 0.0 seconds.
2019-06-19 20:51:14 INFO (MainThread) [homeassistant.setup] Setting up panel_custom
2019-06-19 20:51:14 INFO (MainThread) [homeassistant.setup] Setup of domain panel_custom took 0.0 seconds.
2019-06-19 20:51:14 INFO (MainThread) [homeassistant.setup] Setting up map
2019-06-19 20:51:14 INFO (MainThread) [homeassistant.setup] Setup of domain map took 0.0 seconds.
2019-06-19 20:51:14 INFO (MainThread) [homeassistant.components.notify] Setting up notify.mobile_app
2019-06-19 20:51:14 INFO (MainThread) [homeassistant.setup] Setting up hassio
2019-06-19 20:51:14 INFO (MainThread) [homeassistant.setup] Setup of domain hassio took 0.1 seconds.
2019-06-19 20:51:14 INFO (MainThread) [homeassistant.setup] Setup of domain zeroconf took 0.9 seconds.
2019-06-19 20:51:15 INFO (MainThread) [homeassistant.setup] Setting up default_config
2019-06-19 20:51:15 INFO (SyncWorker_11) [homeassistant.loader] Loaded stream from homeassistant.components.stream
2019-06-19 20:51:15 INFO (MainThread) [homeassistant.setup] Setting up stream
2019-06-19 20:51:15 INFO (MainThread) [homeassistant.setup] Setup of domain stream took 0.0 seconds.
2019-06-19 20:51:15 INFO (MainThread) [homeassistant.setup] Setup of domain default_config took 0.0 seconds.
2019-06-19 20:51:16 INFO (MainThread) [homeassistant.setup] Setup of domain sensor took 2.5 seconds.
2019-06-19 20:51:16 INFO (MainThread) [homeassistant.bootstrap] Home Assistant initialized in 10.25s
2019-06-19 20:51:16 INFO (MainThread) [homeassistant.core] Starting Home Assistant
2019-06-19 20:51:16 INFO (MainThread) [homeassistant.core] Timer:starting
2019-06-19 20:51:36 INFO (MainThread) [homeassistant.components.discovery] Unknown service discovered: home_assistant {'host': '192.168.86.200', 'port': 8123, 'hostname': 'Home._home-assistant._tcp.local.', 'properties': {'version': '0.93.2', 'base_url': 'http://192.168.86.200:8123', 'requires_api_password': True}}
2019-06-19 20:51:38 INFO (SyncWorker_16) [homeassistant.loader] Loaded upnp from homeassistant.components.upnp
2019-06-19 21:23:18 INFO (MainThread) [homeassistant.components.discovery] Unknown service discovered: dlna_dmr {'host': '192.168.86.198', 'port': 9197, 'ssdp_description': 'http://192.168.86.198:9197/dmr', 'name': '[TV] S8  (55)', 'model_name': 'UN55NU8500', 'model_number': 'AllShare1.0', 'serial': '07893CDK502238R', 'manufacturer': 'Samsung Electronics', 'udn': 'uuid:96220065-222a-421b-9fd6-bda502e1bfe0', 'upnp_device_type': 'urn:schemas-upnp-org:device:MediaRenderer:1'}
2019-06-19 21:51:10 INFO (MainThread) [homeassistant.components.updater] Submitted analytics to Home Assistant servers. Information submitted includes {}
2019-06-19 21:51:10 ERROR (MainThread) [homeassistant.components.updater] Got unexpected response: None
2019-06-19 22:00:42 INFO (SyncWorker_12) [homeassistant.loader] Loaded geofency from homeassistant.components.geofency
2019-06-19 22:00:43 INFO (SyncWorker_14) [homeassistant.loader] Loaded ps4 from homeassistant.components.ps4
2019-06-19 22:00:43 INFO (SyncWorker_17) [homeassistant.loader] Loaded daikin from homeassistant.components.daikin
2019-06-19 22:00:43 INFO (SyncWorker_1) [homeassistant.loader] Loaded zwave from homeassistant.components.zwave
2019-06-19 22:00:43 INFO (SyncWorker_16) [homeassistant.loader] Loaded dialogflow from homeassistant.components.dialogflow
2019-06-19 22:00:43 INFO (SyncWorker_9) [homeassistant.loader] Loaded sonos from homeassistant.components.sonos
2019-06-19 22:00:43 INFO (SyncWorker_18) [homeassistant.loader] Loaded logi_circle from homeassistant.components.logi_circle
2019-06-19 22:00:43 INFO (SyncWorker_17) [homeassistant.loader] Loaded tradfri from homeassistant.components.tradfri
2019-06-19 22:00:43 INFO (SyncWorker_1) [homeassistant.loader] Loaded ipma from homeassistant.components.ipma
2019-06-19 22:00:43 INFO (SyncWorker_16) [homeassistant.loader] Loaded smartthings from homeassistant.components.smartthings
2019-06-19 22:00:43 INFO (SyncWorker_18) [homeassistant.loader] Loaded twilio from homeassistant.components.twilio
2019-06-19 22:00:43 INFO (SyncWorker_15) [homeassistant.loader] Loaded locative from homeassistant.components.locative
2019-06-19 22:00:43 INFO (SyncWorker_2) [homeassistant.loader] Loaded zha from homeassistant.components.zha
2019-06-19 22:00:43 INFO (SyncWorker_13) [homeassistant.loader] Loaded tplink from homeassistant.components.tplink
2019-06-19 22:00:43 INFO (SyncWorker_19) [homeassistant.loader] Loaded hue from homeassistant.components.hue
2019-06-19 22:00:43 INFO (SyncWorker_3) [homeassistant.loader] Loaded mqtt from homeassistant.components.mqtt
2019-06-19 22:00:43 INFO (SyncWorker_5) [homeassistant.loader] Loaded emulated_roku from homeassistant.components.emulated_roku
2019-06-19 22:00:43 INFO (SyncWorker_9) [homeassistant.loader] Loaded point from homeassistant.components.point
2019-06-19 22:00:43 INFO (SyncWorker_14) [homeassistant.loader] Loaded homematicip_cloud from homeassistant.components.homematicip_cloud
2019-06-19 22:00:43 INFO (SyncWorker_18) [homeassistant.loader] Loaded unifi from homeassistant.components.unifi
2019-06-19 22:00:43 INFO (SyncWorker_6) [homeassistant.loader] Loaded simplisafe from homeassistant.components.simplisafe
2019-06-19 22:00:43 INFO (SyncWorker_12) [homeassistant.loader] Loaded axis from homeassistant.components.axis
2019-06-19 22:00:43 INFO (SyncWorker_10) [homeassistant.loader] Loaded luftdaten from homeassistant.components.luftdaten
2019-06-19 22:00:43 INFO (SyncWorker_4) [homeassistant.loader] Loaded ambiclimate from homeassistant.components.ambiclimate
2019-06-19 22:00:43 INFO (SyncWorker_7) [homeassistant.loader] Loaded owntracks from homeassistant.components.owntracks
2019-06-19 22:00:43 INFO (SyncWorker_1) [homeassistant.loader] Loaded hangouts from homeassistant.components.hangouts
2019-06-19 22:00:43 INFO (SyncWorker_11) [homeassistant.loader] Loaded nest from homeassistant.components.nest
2019-06-19 22:00:44 INFO (SyncWorker_0) [homeassistant.loader] Loaded deconz from homeassistant.components.deconz
2019-06-19 22:00:44 INFO (SyncWorker_17) [homeassistant.loader] Loaded ambient_station from homeassistant.components.ambient_station
2019-06-19 22:00:44 INFO (SyncWorker_15) [homeassistant.loader] Loaded ifttt from homeassistant.components.ifttt
2019-06-19 22:00:44 INFO (SyncWorker_16) [homeassistant.loader] Loaded openuv from homeassistant.components.openuv
2019-06-19 22:00:44 INFO (SyncWorker_2) [homeassistant.loader] Loaded smhi from homeassistant.components.smhi
2019-06-19 22:00:44 INFO (SyncWorker_0) [homeassistant.loader] Loaded gpslogger from homeassistant.components.gpslogger
2019-06-19 22:00:44 INFO (SyncWorker_19) [homeassistant.loader] Loaded ios from homeassistant.components.ios
2019-06-19 22:00:44 INFO (SyncWorker_3) [homeassistant.loader] Loaded lifx from homeassistant.components.lifx
2019-06-19 22:00:44 INFO (SyncWorker_5) [homeassistant.loader] Loaded esphome from homeassistant.components.esphome
2019-06-19 22:00:44 INFO (SyncWorker_9) [homeassistant.loader] Loaded toon from homeassistant.components.toon
2019-06-19 22:00:44 INFO (SyncWorker_13) [homeassistant.loader] Loaded heos from homeassistant.components.heos
2019-06-19 22:00:44 INFO (SyncWorker_17) [homeassistant.loader] Loaded mailgun from homeassistant.components.mailgun
2019-06-19 22:00:44 INFO (SyncWorker_15) [homeassistant.loader] Loaded tellduslive from homeassistant.components.tellduslive
2019-06-19 22:00:44 INFO (SyncWorker_16) [homeassistant.loader] Loaded rainmachine from homeassistant.components.rainmachine
2019-06-19 22:06:42 WARNING (Thread-2) [pychromecast.socket_client] [ADL Room Speaker:8009] Heartbeat timeout, resetting connection
2019-06-19 22:06:44 INFO (Thread-3) [pychromecast.socket_client] [Living Room TV:8009] Error writing to socket.
2019-06-19 22:06:44 WARNING (Thread-3) [pychromecast.socket_client] [Living Room TV:8009] Error communicating with socket, resetting connection
2019-06-19 22:07:52 INFO (Thread-2) [pychromecast.controllers] Receiver:Launching app CC1AD845
2019-06-19 22:09:26 WARNING (MainThread) [homeassistant.components.group] remove:Group 'all_scripts' doesn't exist!
2019-06-19 22:09:31 INFO (MainThread) [homeassistant.components.automation] Executing Adhan
2019-06-19 22:09:31 INFO (MainThread) [homeassistant.helpers.script] Script Adhan: Running script
2019-06-19 22:09:31 INFO (MainThread) [homeassistant.helpers.script] Script Adhan: Executing step 
2019-06-19 22:09:37 INFO (MainThread) [homeassistant.components.automation] Executing Adhan
2019-06-19 22:09:37 INFO (MainThread) [homeassistant.helpers.script] Script Adhan: Executing step 
2019-06-19 22:09:39 WARNING (SyncWorker_8) [homeassistant.components.media_extractor] unable to extract channel id; please report this issue on https://yt-dl.org/bug . Make sure you are using the latest version; see  https://yt-dl.org/update  on how to update. Be sure to call youtube-dl with the --verbose flag and include its complete output.
2019-06-19 22:09:39 WARNING (SyncWorker_7) [homeassistant.components.media_extractor] unable to extract channel id; please report this issue on https://yt-dl.org/bug . Make sure you are using the latest version; see  https://yt-dl.org/update  on how to update. Be sure to call youtube-dl with the --verbose flag and include its complete output.
2019-06-19 22:09:39 INFO (SyncWorker_8) [pychromecast.controllers] Not launching app CC1AD845 - already running
2019-06-19 22:09:39 INFO (MainThread) [homeassistant.helpers.script] Script Adhan: Executing step call service
2019-06-19 22:09:39 INFO (MainThread) [homeassistant.helpers.script] Script Adhan: Executing step call service
2019-06-19 22:09:39 INFO (SyncWorker_17) [pychromecast.controllers] Receiver:setting volume to 0.4
2019-06-19 22:09:39 INFO (SyncWorker_1) [pychromecast.controllers] Not launching app CC1AD845 - already running
2019-06-19 22:09:39 INFO (SyncWorker_15) [pychromecast.controllers] Receiver:setting volume to 0.4
2019-06-20 00:35:00 INFO (MainThread) [homeassistant.components.websocket_api.http.connection.1832700144] Connection closed by client
2019-06-20 02:51:49 ERROR (MainThread) [homeassistant.components.yr.sensor] Retrying in 15 minutes: Cannot connect to host aa015h6buqvih86i1.api.met.no:443 ssl:None [Try again]
2019-06-20 03:06:55 ERROR (MainThread) [homeassistant.components.yr.sensor] Retrying in 17 minutes: Cannot connect to host aa015h6buqvih86i1.api.met.no:443 ssl:None [Try again]
2019-06-20 03:24:01 ERROR (MainThread) [homeassistant.components.yr.sensor] Retrying in 15 minutes: Cannot connect to host aa015h6buqvih86i1.api.met.no:443 ssl:None [Try again]
2019-06-20 03:39:07 ERROR (MainThread) [homeassistant.components.yr.sensor] Retrying in 17 minutes: Cannot connect to host aa015h6buqvih86i1.api.met.no:443 ssl:None [Try again]
2019-06-20 04:09:00 INFO (MainThread) [homeassistant.components.websocket_api.http.connection.1816467600] Connection closed by client
2019-06-20 04:09:00 INFO (MainThread) [homeassistant.components.websocket_api.http.connection.1829764240] Connection closed by client
2019-06-20 04:09:00 INFO (MainThread) [homeassistant.components.websocket_api.http.connection.1816460208] Connection closed by client
2019-06-20 09:21:59 WARNING (Thread-2) [pychromecast.socket_client] [ADL Room Speaker:8009] Heartbeat timeout, resetting connection
2019-06-20 09:44:25 WARNING (Thread-3) [pychromecast.socket_client] [Living Room TV:8009] Heartbeat timeout, resetting connection
2019-06-20 13:44:07 INFO (MainThread) [homeassistant.components.automation] Initialized trigger Fajr Adhan
2019-06-20 13:44:07 INFO (MainThread) [homeassistant.components.automation] Initialized trigger Adhan
2019-06-20 13:44:07 INFO (MainThread) [homeassistant.components.automation] Initialized trigger Adhan
2019-06-20 13:44:07 INFO (MainThread) [homeassistant.components.automation] Initialized trigger Adhan
2019-06-20 13:44:07 INFO (MainThread) [homeassistant.components.automation] Initialized trigger Adhan
2019-06-20 13:44:07 INFO (MainThread) [homeassistant.components.automation] Initialized trigger Iqamah - Last Call
2019-06-20 13:44:07 INFO (MainThread) [homeassistant.components.automation] Initialized trigger Iqamah - Last Call
2019-06-20 13:44:07 INFO (MainThread) [homeassistant.components.automation] Initialized trigger Iqamah - Last Call
2019-06-20 13:44:07 INFO (MainThread) [homeassistant.components.automation] Initialized trigger Iqamah - Last Call
2019-06-20 13:44:07 INFO (MainThread) [homeassistant.components.automation] Initialized trigger Iqamah - Last Call
2019-06-20 18:34:20 ERROR (Thread-3) [pychromecast.socket_client] [Living Room TV:8009] Error reading from socket.
2019-06-20 18:34:20 WARNING (Thread-3) [pychromecast.socket_client] [Living Room TV:8009] Error communicating with socket, resetting connection
2019-06-20 20:25:01 INFO (MainThread) [homeassistant.components.automation] Executing Adhan
2019-06-20 20:25:01 INFO (MainThread) [homeassistant.helpers.script] Script Adhan: Running script
2019-06-20 20:25:01 INFO (MainThread) [homeassistant.helpers.script] Script Adhan: Executing step 
2019-06-20 20:25:05 WARNING (SyncWorker_18) [homeassistant.components.media_extractor] unable to extract channel id; please report this issue on https://yt-dl.org/bug . Make sure you are using the latest version; see  https://yt-dl.org/update  on how to update. Be sure to call youtube-dl with the --verbose flag and include its complete output.
2019-06-20 20:25:05 INFO (MainThread) [homeassistant.helpers.script] Script Adhan: Executing step call service
2019-06-20 20:25:05 INFO (SyncWorker_19) [pychromecast.controllers] Receiver:setting volume to 0.4
2019-06-20 20:25:05 INFO (Thread-2) [pychromecast.controllers] Receiver:Launching app CC1AD845
2019-06-20 21:39:54 INFO (MainThread) [homeassistant.components.websocket_api.http.connection.1826535152] Connection closed by client
2019-06-20 21:40:00 INFO (MainThread) [homeassistant.components.websocket_api.http.connection.1874269264] Connection closed by client
2019-06-20 21:40:16 INFO (MainThread) [homeassistant.components.websocket_api.http.connection.1826992880] Connection closed by client
2019-06-20 21:44:34 INFO (MainThread) [homeassistant.components.websocket_api.http.connection.1815425328] Connection closed by client
2019-06-20 21:44:34 INFO (MainThread) [homeassistant.components.websocket_api.http.connection.1815908720] Connection closed by client
2019-06-20 21:44:34 INFO (MainThread) [homeassistant.components.websocket_api.http.connection.1826925648] Connection closed by client
2019-06-20 21:51:10 INFO (MainThread) [homeassistant.components.updater] Submitted analytics to Home Assistant servers. Information submitted includes {}
2019-06-20 21:51:10 ERROR (MainThread) [homeassistant.components.updater] Got unexpected response: None
2019-06-20 23:11:46 INFO (SyncWorker_18) [pychromecast] Quiting current app
2019-06-20 23:11:46 INFO (SyncWorker_18) [pychromecast.controllers] Receiver:Stopping current app 'E8C28D3C'
2019-06-20 23:11:46 INFO (SyncWorker_18) [pychromecast.controllers] Receiver:Launching app CC1AD845
2019-06-20 23:11:49 INFO (MainThread) [homeassistant.components.automation] Executing Fajr Adhan
2019-06-20 23:11:49 INFO (MainThread) [homeassistant.helpers.script] Script Fajr Adhan: Running script
2019-06-20 23:11:49 INFO (MainThread) [homeassistant.helpers.script] Script Fajr Adhan: Executing step call service
2019-06-20 23:11:55 INFO (MainThread) [homeassistant.helpers.script] Script Fajr Adhan: Executing step call service
2019-06-20 23:11:55 INFO (SyncWorker_14) [pychromecast.controllers] Receiver:setting volume to 0.4
2019-06-20 23:11:55 INFO (Thread-2) [pychromecast.controllers] Receiver:Launching app CC1AD845
2019-06-20 23:12:09 INFO (SyncWorker_12) [pychromecast] Quiting current app
2019-06-20 23:12:09 INFO (SyncWorker_12) [pychromecast.controllers] Receiver:Stopping current app 'CC1AD845'
2019-06-20 23:12:12 INFO (SyncWorker_19) [pychromecast] Quiting current app
2019-06-20 23:12:12 INFO (SyncWorker_19) [pychromecast.controllers] Receiver:Stopping current app 'CC1AD845'
2019-06-21 00:08:01 INFO (MainThread) [homeassistant.components.automation] Executing Iqamah - Last Call
2019-06-21 00:08:01 INFO (MainThread) [homeassistant.helpers.script] Script Iqamah - Last Call: Running script
2019-06-21 00:08:01 INFO (MainThread) [homeassistant.helpers.script] Script Iqamah - Last Call: Executing step 
2019-06-21 00:08:02 WARNING (SyncWorker_9) [homeassistant.components.media_extractor] unable to extract channel id; please report this issue on https://yt-dl.org/bug . Make sure you are using the latest version; see  https://yt-dl.org/update  on how to update. Be sure to call youtube-dl with the --verbose flag and include its complete output.
2019-06-21 00:08:02 INFO (MainThread) [homeassistant.helpers.script] Script Iqamah - Last Call: Executing step call service
2019-06-21 00:08:02 INFO (Thread-2) [pychromecast.controllers] Receiver:Launching app CC1AD845
2019-06-21 00:08:02 INFO (SyncWorker_2) [pychromecast.controllers] Receiver:setting volume to 0.7
